<?xml version="1.0" encoding="UTF-8"?>
<!-- Generated by org.testng.reporters.JUnitReportReporter -->
<testsuite hostname="Home" name="testsLogin.LoginIT" tests="1" failures="0" timestamp="1 May 2016 17:44:20 GMT" time="4.492" errors="0">
  <testcase name="test_verify_contacts_and_login" time="4.492" classname="testsLogin.LoginIT"/>
</testsuite> <!-- testsLogin.LoginIT -->
